This file contains any messages produced by compilers while
running configure, to aid debugging if configure makes a mistake.

It was created by swig configure 4.0.0, which was
generated by GNU Autoconf 2.69.  Invocation command line was

  $ ./configure --prefix=/usr/local/gym/swigtool

## --------- ##
## Platform. ##
## --------- ##

hostname = f33671be16d9
uname -m = x86_64
uname -r = 4.15.0-54-generic
uname -s = Linux
uname -v = #58~16.04.1-Ubuntu SMP Mon Jun 24 13:21:41 UTC 2019

/usr/bin/uname -p = unknown
/bin/uname -X     = unknown

/bin/arch              = unknown
/usr/bin/arch -k       = unknown
/usr/convex/getsysinfo = unknown
/usr/bin/hostinfo      = unknown
/bin/machine           = unknown
/usr/bin/oslevel       = unknown
/bin/universe          = unknown

PATH: /usr/local/gym/gym-gazebo/gym_gazebo/envs/installation/catkin_ws/devel/bin
PATH: /opt/ros/indigo/bin
PATH: /usr/local/sbin
PATH: /usr/local/bin
PATH: /usr/sbin
PATH: /usr/bin
PATH: /sbin
PATH: /bin


## ----------- ##
## Core tests. ##
## ----------- ##

configure:2774: checking build system type
configure:2788: result: x86_64-pc-linux-gnu
configure:2808: checking host system type
configure:2821: result: x86_64-pc-linux-gnu
configure:2857: checking for a BSD-compatible install
configure:2925: result: /usr/bin/install -c
configure:2936: checking whether build environment is sane
configure:2991: result: yes
configure:3142: checking for a thread-safe mkdir -p
configure:3181: result: /bin/mkdir -p
configure:3188: checking for gawk
configure:3204: found /usr/bin/gawk
configure:3215: result: gawk
configure:3226: checking whether make sets $(MAKE)
configure:3248: result: yes
configure:3277: checking whether make supports nested variables
configure:3294: result: yes
configure:3471: checking for gcc
configure:3487: found /usr/bin/gcc
configure:3498: result: gcc
configure:3727: checking for C compiler version
configure:3736: gcc --version >&5
gcc (Ubuntu 4.8.4-2ubuntu1~14.04.3) 4.8.4
Copyright (C) 2013 Free Software Foundation, Inc.
This is free software; see the source for copying conditions.  There is NO
warranty; not even for MERCHANTABILITY or FITNESS FOR A PARTICULAR PURPOSE.

configure:3747: $? = 0
configure:3736: gcc -v >&5
Using built-in specs.
COLLECT_GCC=gcc
COLLECT_LTO_WRAPPER=/usr/lib/gcc/x86_64-linux-gnu/4.8/lto-wrapper
Target: x86_64-linux-gnu
Configured with: ../src/configure -v --with-pkgversion='Ubuntu 4.8.4-2ubuntu1~14.04.3' --with-bugurl=file:///usr/share/doc/gcc-4.8/README.Bugs --enable-languages=c,c++,java,go,d,fortran,objc,obj-c++ --prefix=/usr --program-suffix=-4.8 --enable-shared --enable-linker-build-id --libexecdir=/usr/lib --without-included-gettext --enable-threads=posix --with-gxx-include-dir=/usr/include/c++/4.8 --libdir=/usr/lib --enable-nls --with-sysroot=/ --enable-clocale=gnu --enable-libstdcxx-debug --enable-libstdcxx-time=yes --enable-gnu-unique-object --disable-libmudflap --enable-plugin --with-system-zlib --disable-browser-plugin --enable-java-awt=gtk --enable-gtk-cairo --with-java-home=/usr/lib/jvm/java-1.5.0-gcj-4.8-amd64/jre --enable-java-home --with-jvm-root-dir=/usr/lib/jvm/java-1.5.0-gcj-4.8-amd64 --with-jvm-jar-dir=/usr/lib/jvm-exports/java-1.5.0-gcj-4.8-amd64 --with-arch-directory=amd64 --with-ecj-jar=/usr/share/java/eclipse-ecj.jar --enable-objc-gc --enable-multiarch --disable-werror --with-arch-32=i686 --with-abi=m64 --with-multilib-list=m32,m64,mx32 --with-tune=generic --enable-checking=release --build=x86_64-linux-gnu --host=x86_64-linux-gnu --target=x86_64-linux-gnu
Thread model: posix
gcc version 4.8.4 (Ubuntu 4.8.4-2ubuntu1~14.04.3) 
configure:3747: $? = 0
configure:3736: gcc -V >&5
gcc: error: unrecognized command line option '-V'
gcc: fatal error: no input files
compilation terminated.
configure:3747: $? = 4
configure:3736: gcc -qversion >&5
gcc: error: unrecognized command line option '-qversion'
gcc: fatal error: no input files
compilation terminated.
configure:3747: $? = 4
configure:3767: checking whether the C compiler works
configure:3789: gcc    conftest.c  >&5
configure:3793: $? = 0
configure:3841: result: yes
configure:3844: checking for C compiler default output file name
configure:3846: result: a.out
configure:3852: checking for suffix of executables
configure:3859: gcc -o conftest    conftest.c  >&5
configure:3863: $? = 0
configure:3885: result: 
configure:3907: checking whether we are cross compiling
configure:3915: gcc -o conftest    conftest.c  >&5
configure:3919: $? = 0
configure:3926: ./conftest
configure:3930: $? = 0
configure:3945: result: no
configure:3950: checking for suffix of object files
configure:3972: gcc -c   conftest.c >&5
configure:3976: $? = 0
configure:3997: result: o
configure:4001: checking whether we are using the GNU C compiler
configure:4020: gcc -c   conftest.c >&5
configure:4020: $? = 0
configure:4029: result: yes
configure:4038: checking whether gcc accepts -g
configure:4058: gcc -c -g  conftest.c >&5
configure:4058: $? = 0
configure:4099: result: yes
configure:4116: checking for gcc option to accept ISO C89
configure:4179: gcc  -c -g -O2  conftest.c >&5
configure:4179: $? = 0
configure:4192: result: none needed
configure:4217: checking whether gcc understands -c and -o together
configure:4239: gcc -c conftest.c -o conftest2.o
configure:4242: $? = 0
configure:4239: gcc -c conftest.c -o conftest2.o
configure:4242: $? = 0
configure:4254: result: yes
configure:4282: checking for style of include used by make
configure:4310: result: GNU
configure:4336: checking dependency style of gcc
configure:4447: result: gcc3
configure:4520: checking for g++
configure:4536: found /usr/bin/g++
configure:4547: result: g++
configure:4574: checking for C++ compiler version
configure:4583: g++ --version >&5
g++ (Ubuntu 4.8.4-2ubuntu1~14.04.3) 4.8.4
Copyright (C) 2013 Free Software Foundation, Inc.
This is free software; see the source for copying conditions.  There is NO
warranty; not even for MERCHANTABILITY or FITNESS FOR A PARTICULAR PURPOSE.

configure:4594: $? = 0
configure:4583: g++ -v >&5
Using built-in specs.
COLLECT_GCC=g++
COLLECT_LTO_WRAPPER=/usr/lib/gcc/x86_64-linux-gnu/4.8/lto-wrapper
Target: x86_64-linux-gnu
Configured with: ../src/configure -v --with-pkgversion='Ubuntu 4.8.4-2ubuntu1~14.04.3' --with-bugurl=file:///usr/share/doc/gcc-4.8/README.Bugs --enable-languages=c,c++,java,go,d,fortran,objc,obj-c++ --prefix=/usr --program-suffix=-4.8 --enable-shared --enable-linker-build-id --libexecdir=/usr/lib --without-included-gettext --enable-threads=posix --with-gxx-include-dir=/usr/include/c++/4.8 --libdir=/usr/lib --enable-nls --with-sysroot=/ --enable-clocale=gnu --enable-libstdcxx-debug --enable-libstdcxx-time=yes --enable-gnu-unique-object --disable-libmudflap --enable-plugin --with-system-zlib --disable-browser-plugin --enable-java-awt=gtk --enable-gtk-cairo --with-java-home=/usr/lib/jvm/java-1.5.0-gcj-4.8-amd64/jre --enable-java-home --with-jvm-root-dir=/usr/lib/jvm/java-1.5.0-gcj-4.8-amd64 --with-jvm-jar-dir=/usr/lib/jvm-exports/java-1.5.0-gcj-4.8-amd64 --with-arch-directory=amd64 --with-ecj-jar=/usr/share/java/eclipse-ecj.jar --enable-objc-gc --enable-multiarch --disable-werror --with-arch-32=i686 --with-abi=m64 --with-multilib-list=m32,m64,mx32 --with-tune=generic --enable-checking=release --build=x86_64-linux-gnu --host=x86_64-linux-gnu --target=x86_64-linux-gnu
Thread model: posix
gcc version 4.8.4 (Ubuntu 4.8.4-2ubuntu1~14.04.3) 
configure:4594: $? = 0
configure:4583: g++ -V >&5
g++: error: unrecognized command line option '-V'
g++: fatal error: no input files
compilation terminated.
configure:4594: $? = 4
configure:4583: g++ -qversion >&5
g++: error: unrecognized command line option '-qversion'
g++: fatal error: no input files
compilation terminated.
configure:4594: $? = 4
configure:4598: checking whether we are using the GNU C++ compiler
configure:4617: g++ -c   conftest.cpp >&5
configure:4617: $? = 0
configure:4626: result: yes
configure:4635: checking whether g++ accepts -g
configure:4655: g++ -c -g  conftest.cpp >&5
configure:4655: $? = 0
configure:4696: result: yes
configure:4721: checking dependency style of g++
configure:4832: result: gcc3
configure:4850: checking maximum warning verbosity option
configure:4888: result: -Wall -W -ansi -pedantic for C++ -Wall -W -ansi -pedantic for C
configure:4911: checking how to run the C preprocessor
configure:4942: gcc -E  conftest.c
configure:4942: $? = 0
configure:4956: gcc -E  conftest.c
conftest.c:13:28: fatal error: ac_nonexistent.h: No such file or directory
 #include <ac_nonexistent.h>
                            ^
compilation terminated.
configure:4956: $? = 1
configure: failed program was:
| /* confdefs.h */
| #define PACKAGE_NAME "swig"
| #define PACKAGE_TARNAME "swig"
| #define PACKAGE_VERSION "4.0.0"
| #define PACKAGE_STRING "swig 4.0.0"
| #define PACKAGE_BUGREPORT "http://www.swig.org"
| #define PACKAGE_URL ""
| #define PACKAGE "swig"
| #define VERSION "4.0.0"
| #define SWIG_CXX "g++"
| #define SWIG_PLATFORM "x86_64-pc-linux-gnu"
| /* end confdefs.h.  */
| #include <ac_nonexistent.h>
configure:4981: result: gcc -E
configure:5001: gcc -E  conftest.c
configure:5001: $? = 0
configure:5015: gcc -E  conftest.c
conftest.c:13:28: fatal error: ac_nonexistent.h: No such file or directory
 #include <ac_nonexistent.h>
                            ^
compilation terminated.
configure:5015: $? = 1
configure: failed program was:
| /* confdefs.h */
| #define PACKAGE_NAME "swig"
| #define PACKAGE_TARNAME "swig"
| #define PACKAGE_VERSION "4.0.0"
| #define PACKAGE_STRING "swig 4.0.0"
| #define PACKAGE_BUGREPORT "http://www.swig.org"
| #define PACKAGE_URL ""
| #define PACKAGE "swig"
| #define VERSION "4.0.0"
| #define SWIG_CXX "g++"
| #define SWIG_PLATFORM "x86_64-pc-linux-gnu"
| /* end confdefs.h.  */
| #include <ac_nonexistent.h>
configure:5044: checking for grep that handles long lines and -e
configure:5102: result: /bin/grep
configure:5107: checking for egrep
configure:5169: result: /bin/grep -E
configure:5174: checking for ANSI C header files
configure:5194: gcc -c -g -O2 -Wall -W -ansi -pedantic  conftest.c >&5
configure:5194: $? = 0
configure:5267: gcc -o conftest -g -O2 -Wall -W -ansi -pedantic   conftest.c  >&5
configure:5267: $? = 0
configure:5267: ./conftest
configure:5267: $? = 0
configure:5278: result: yes
configure:5297: checking for popen
configure:5297: gcc -o conftest -g -O2 -Wall -W -ansi -pedantic   conftest.c  >&5
configure:5297: $? = 0
configure:5297: result: yes
configure:5318: checking whether to enable PCRE support
configure:5320: result: yes
configure:5324: checking whether to use local PCRE
configure:5333: result: no
configure:5336: checking for a sed that does not truncate output
configure:5400: result: /bin/sed
configure:5470: checking for pcre-config
configure:5488: found /usr/bin/pcre-config
configure:5500: result: /usr/bin/pcre-config
configure:5670: checking whether to enable ccache-swig
configure:5672: result: yes
configure:5694: checking for bison
configure:5724: result: no
configure:5694: checking for byacc
configure:5724: result: no
configure:5878: checking for boostlib >=  (102000)
configure:5910: g++ -c -g -O2 -Wall -W -ansi -pedantic   -I/usr/include conftest.cpp >&5
configure:5910: $? = 0
configure:5912: result: yes
configure:6080: ISYSTEM: -isystem 
configure:6085: checking SO
configure:6096: result: .so
configure:6103: checking LDSHARED
configure:6152: result: gcc -shared
configure:6158: checking CXXSHARED
configure:6164: result: gcc -shared
configure:6168: checking TRYLINKINGWITHCXX
configure:6193: result: CXXSHARED= g++ -shared 
configure:6197: checking CCSHARED
configure:6218: result: -fpic
configure:6222: checking RPATH
configure:6233: result: -Xlinker -rpath $(exec_prefix)/lib -Xlinker -rpath .
configure:6239: checking LINKFORSHARED
configure:6253: result: -Xlinker -export-dynamic
configure:6257: checking PLATCFLAGS
configure:6267: result: 
configure:6278: checking whether to enable C++11 testing
configure:6280: result: no
configure:6477: checking for dlopen in -ldl
configure:6502: gcc -o conftest -g -O2 -Wall -W -ansi -pedantic    conftest.c -ldl   -lpcre >&5
configure:6502: $? = 0
configure:6511: result: yes
configure:6522: checking for shl_load in -ldld
configure:6547: gcc -o conftest -g -O2 -Wall -W -ansi -pedantic    conftest.c -ldld  -ldl  -lpcre >&5
/usr/bin/ld: cannot find -ldld
collect2: error: ld returned 1 exit status
configure:6547: $? = 1
configure: failed program was:
| /* confdefs.h */
| #define PACKAGE_NAME "swig"
| #define PACKAGE_TARNAME "swig"
| #define PACKAGE_VERSION "4.0.0"
| #define PACKAGE_STRING "swig 4.0.0"
| #define PACKAGE_BUGREPORT "http://www.swig.org"
| #define PACKAGE_URL ""
| #define PACKAGE "swig"
| #define VERSION "4.0.0"
| #define SWIG_CXX "g++"
| #define SWIG_PLATFORM "x86_64-pc-linux-gnu"
| #define STDC_HEADERS 1
| #define HAVE_POPEN 1
| #define HAVE_PCRE 1
| #define HAVE_BOOST /**/
| #define HAVE_LIBDL 1
| /* end confdefs.h.  */
| 
| /* Override any GCC internal prototype to avoid an error.
|    Use char because int might match the return type of a GCC
|    builtin and then its argument prototype would still apply.  */
| #ifdef __cplusplus
| extern "C"
| #endif
| char shl_load ();
| int
| main ()
| {
| return shl_load ();
|   ;
|   return 0;
| }
configure:6556: result: no
configure:6568: checking for library containing t_open
configure:6599: gcc -o conftest -g -O2 -Wall -W -ansi -pedantic    conftest.c -ldl  -lpcre >&5
/tmp/ccj5g7TL.o: In function `main':
/usr/local/gym/swig-4.0.0/conftest.c:29: undefined reference to `t_open'
collect2: error: ld returned 1 exit status
configure:6599: $? = 1
configure: failed program was:
| /* confdefs.h */
| #define PACKAGE_NAME "swig"
| #define PACKAGE_TARNAME "swig"
| #define PACKAGE_VERSION "4.0.0"
| #define PACKAGE_STRING "swig 4.0.0"
| #define PACKAGE_BUGREPORT "http://www.swig.org"
| #define PACKAGE_URL ""
| #define PACKAGE "swig"
| #define VERSION "4.0.0"
| #define SWIG_CXX "g++"
| #define SWIG_PLATFORM "x86_64-pc-linux-gnu"
| #define STDC_HEADERS 1
| #define HAVE_POPEN 1
| #define HAVE_PCRE 1
| #define HAVE_BOOST /**/
| #define HAVE_LIBDL 1
| /* end confdefs.h.  */
| 
| /* Override any GCC internal prototype to avoid an error.
|    Use char because int might match the return type of a GCC
|    builtin and then its argument prototype would still apply.  */
| #ifdef __cplusplus
| extern "C"
| #endif
| char t_open ();
| int
| main ()
| {
| return t_open ();
|   ;
|   return 0;
| }
configure:6599: gcc -o conftest -g -O2 -Wall -W -ansi -pedantic    conftest.c -lnsl  -ldl  -lpcre >&5
/tmp/ccRJ05LQ.o: In function `main':
/usr/local/gym/swig-4.0.0/conftest.c:29: undefined reference to `t_open'
collect2: error: ld returned 1 exit status
configure:6599: $? = 1
configure: failed program was:
| /* confdefs.h */
| #define PACKAGE_NAME "swig"
| #define PACKAGE_TARNAME "swig"
| #define PACKAGE_VERSION "4.0.0"
| #define PACKAGE_STRING "swig 4.0.0"
| #define PACKAGE_BUGREPORT "http://www.swig.org"
| #define PACKAGE_URL ""
| #define PACKAGE "swig"
| #define VERSION "4.0.0"
| #define SWIG_CXX "g++"
| #define SWIG_PLATFORM "x86_64-pc-linux-gnu"
| #define STDC_HEADERS 1
| #define HAVE_POPEN 1
| #define HAVE_PCRE 1
| #define HAVE_BOOST /**/
| #define HAVE_LIBDL 1
| /* end confdefs.h.  */
| 
| /* Override any GCC internal prototype to avoid an error.
|    Use char because int might match the return type of a GCC
|    builtin and then its argument prototype would still apply.  */
| #ifdef __cplusplus
| extern "C"
| #endif
| char t_open ();
| int
| main ()
| {
| return t_open ();
|   ;
|   return 0;
| }
configure:6616: result: no
configure:6624: checking for library containing gethostbyname
configure:6655: gcc -o conftest -g -O2 -Wall -W -ansi -pedantic    conftest.c -ldl  -lpcre >&5
configure:6655: $? = 0
configure:6672: result: none required
configure:6680: checking for library containing socket
configure:6711: gcc -o conftest -g -O2 -Wall -W -ansi -pedantic    conftest.c -ldl  -lpcre >&5
configure:6711: $? = 0
configure:6728: result: none required
configure:6737: checking for swill_init in -lswill
configure:6762: gcc -o conftest -g -O2 -Wall -W -ansi -pedantic    conftest.c -lswill  -ldl  -lpcre >&5
/usr/bin/ld: cannot find -lswill
collect2: error: ld returned 1 exit status
configure:6762: $? = 1
configure: failed program was:
| /* confdefs.h */
| #define PACKAGE_NAME "swig"
| #define PACKAGE_TARNAME "swig"
| #define PACKAGE_VERSION "4.0.0"
| #define PACKAGE_STRING "swig 4.0.0"
| #define PACKAGE_BUGREPORT "http://www.swig.org"
| #define PACKAGE_URL ""
| #define PACKAGE "swig"
| #define VERSION "4.0.0"
| #define SWIG_CXX "g++"
| #define SWIG_PLATFORM "x86_64-pc-linux-gnu"
| #define STDC_HEADERS 1
| #define HAVE_POPEN 1
| #define HAVE_PCRE 1
| #define HAVE_BOOST /**/
| #define HAVE_LIBDL 1
| /* end confdefs.h.  */
| 
| /* Override any GCC internal prototype to avoid an error.
|    Use char because int might match the return type of a GCC
|    builtin and then its argument prototype would still apply.  */
| #ifdef __cplusplus
| extern "C"
| #endif
| char swill_init ();
| int
| main ()
| {
| return swill_init ();
|   ;
|   return 0;
| }
configure:6771: result: no
configure:6793: checking for main in -lieee
configure:6812: gcc -o conftest -g -O2 -Wall -W -ansi -pedantic    conftest.c -lieee  -ldl  -lpcre >&5
configure:6812: $? = 0
configure:6821: result: yes
configure:6827: checking for crypt in -lcrypt
configure:6852: gcc -o conftest -g -O2 -Wall -W -ansi -pedantic    conftest.c -lcrypt  -ldl  -lpcre >&5
configure:6852: $? = 0
configure:6861: result: yes
configure:6903: checking for pkg-config
configure:6919: found /usr/bin/pkg-config
configure:6930: result: pkg-config
configure:6991: checking for Tcl configuration
configure:7024: result: found /usr/lib/tcl8.6/tclConfig.sh
configure:7047: checking for Tcl header files
configure:7076: result: -isystem /usr/include/tcl8.6
configure:7080: checking for Tcl library
configure:7097: result: -L/usr/lib/x86_64-linux-gnu -ltcl8.6
configure:7155: checking for python
configure:7171: found /usr/bin/python
configure:7182: result: python
configure:7199: checking for python major version number
configure:7202: result: 2
configure:7207: checking for Python os.name
configure:7210: result: posix
configure:7212: checking for Python path separator
configure:7215: result: /
configure:7221: checking for Python prefix
configure:7224: result: /usr
configure:7226: checking for Python exec-prefix
configure:7229: result: /usr
configure:7260: checking for Python version
configure:7266: result: python2.7
configure:7271: checking for Python lib dir
configure:7278: result: lib
configure:7283: checking for Python header files
configure:7293: result: -I/usr/include/python2.7 -I/usr/lib/python2.7/config
configure:7297: checking for Python library directory
configure:7311: result: Not found
configure:7317: checking for Python library
configure:7323: result: -lpython2.7
configure:7379: checking for python3
configure:7395: found /usr/bin/python3
configure:7406: result: python3
configure:7422: checking for python3-config
configure:7452: result: no
configure:7379: checking for python3.9
configure:7406: result: python3
configure:7422: checking for python3-config
configure:7452: result: no
configure:7379: checking for python3.8
configure:7406: result: python3
configure:7422: checking for python3-config
configure:7452: result: no
configure:7379: checking for python3.7
configure:7406: result: python3
configure:7422: checking for python3-config
configure:7452: result: no
configure:7379: checking for python3.6
configure:7406: result: python3
configure:7422: checking for python3-config
configure:7452: result: no
configure:7379: checking for python3.5
configure:7406: result: python3
configure:7422: checking for python3-config
configure:7452: result: no
configure:7379: checking for python3.4
configure:7406: result: python3
configure:7422: checking for python3-config
configure:7452: result: no
configure:7379: checking for python3.3
configure:7406: result: python3
configure:7422: checking for python3-config
configure:7452: result: no
configure:7379: checking for python3.2
configure:7406: result: python3
configure:7422: checking for python3-config
configure:7452: result: no
configure:7379: checking for python
configure:7406: result: python3
configure:7422: checking for python3-config
configure:7452: result: no
configure:7513: checking for python3 major version number
configure:7516: result: 3
configure:7524: checking for Python 3.x os.name
configure:7527: result: posix
configure:7529: checking for Python 3.x path separator
configure:7532: result: /
configure:7678: checking for pycodestyle
configure:7708: result: no
configure:7740: checking for 2to3-3
configure:7770: result: no
configure:7740: checking for 2to3
configure:7756: found /usr/bin/2to3
configure:7767: result: 2to3
configure:7829: checking for perl
configure:7845: found /usr/bin/perl
configure:7856: result: perl
configure:7874: checking for Perl5 header files
configure:7883: result: /usr/lib/perl/5.18/CORE
configure:7895: checking for Perl5 library
configure:7902: result: perl
configure:7905: checking for Perl5 ccflags
configure:7912: result: -D_REENTRANT -D_GNU_SOURCE -DDEBIAN -fstack-protector -fno-strict-aliasing -pipe -isystem /usr/local/include -D_LARGEFILE_SOURCE -D_FILE_OFFSET_BITS=64
configure:7915: checking for Perl5 ccdlflags
configure:7922: result: -Wl,-E
configure:7925: checking for Perl5 cccdlflags
configure:7932: result: -fPIC
configure:7935: checking for Perl5 ldflags
configure:7942: result:  -fstack-protector -L/usr/local/lib
configure:7945: checking for Perl5 Test::More module
configure:7952: result: found
configure:8007: checking for octave-cli
configure:8040: result: no
configure:8215: checking for scilab
configure:8245: result: no
configure:8391: checking for java JDK
configure:8425: result: no (JAVA_HOME is not defined)
configure:8437: checking for java
configure:8467: result: no
configure:8437: checking for kaffe
configure:8467: result: no
configure:8437: checking for guavac
configure:8467: result: no
configure:8488: checking for javac
configure:8518: result: no
configure:8531: checking for java include file jni.h
configure:8573: result: not found
configure:8608: checking for java tools.jar
configure:8615: result: not found
configure:8740: checking for nodejs
configure:8770: result: no
configure:8740: checking for node
configure:8770: result: no
configure:8833: checking for JavaScriptCore/JavaScript.h
configure:8873: result: not found
configure:8888: checking for JavaScriptCore/Webkit library
configure:8895: result: not found
configure:8911: checking for V8 Javascript v8.h
configure:8946: result: not found
configure:8954: checking for V8 Javascript library
configure:8975: result: not found
configure:9063: checking for android
configure:9093: result: no
configure:9110: checking for adb
configure:9140: result: no
configure:9157: checking for ant
configure:9187: result: no
configure:9204: checking for ndk-build
configure:9234: result: no
configure:9300: checking for guile-config
configure:9333: result: no
configure:9490: checking for mzscheme
configure:9523: result: no
configure:9535: checking for mzc
configure:9568: result: no
configure:9627: checking for ruby
configure:9657: result: no
configure:9669: checking for Ruby header files
configure:9768: result: could not figure out how to run ruby
configure:9811: checking for php7.3
configure:9841: result: no
configure:9811: checking for php7.2
configure:9841: result: no
configure:9811: checking for php7.1
configure:9841: result: no
configure:9811: checking for php7.0
configure:9841: result: no
configure:9811: checking for php
configure:9841: result: no
configure:9951: checking for ocamldlgen
configure:9981: result: no
configure:9997: checking for ocamlfind
configure:10027: result: no
configure:10043: checking for ocamlc
configure:10073: result: no
configure:10089: checking for ocamlmktop
configure:10119: result: no
configure:10135: checking for camlp4
configure:10165: result: no
configure:10323: checking for mono-csc
configure:10353: result: no
configure:10323: checking for gmcs
configure:10353: result: no
configure:10323: checking for mcs
configure:10353: result: no
configure:10323: checking for cscc
configure:10353: result: no
configure:10579: checking for lua5.4
configure:10612: result: no
configure:10579: checking for lua5.3
configure:10612: result: no
configure:10579: checking for lua5.2
configure:10612: result: no
configure:10579: checking for lua5.1
configure:10612: result: no
configure:10579: checking for lua
configure:10612: result: no
configure:10886: checking for R
configure:10919: result: no
configure:10963: checking for go
configure:10993: result: no
configure:11069: checking for gccgo
configure:11099: result: no
configure:11228: checking for dmd
configure:11258: result: no
configure:11228: checking for ldmd
configure:11258: result: no
configure:11228: checking for gdmd
configure:11258: result: no
configure:11298: checking for dmd
configure:11328: result: no
configure:11298: checking for gdmd
configure:11328: result: no
configure:11747: checking that generated files are newer than configure
configure:11753: result: done
configure:11780: creating ./config.status

## ---------------------- ##
## Running config.status. ##
## ---------------------- ##

This file was extended by swig config.status 4.0.0, which was
generated by GNU Autoconf 2.69.  Invocation command line was

  CONFIG_FILES    = 
  CONFIG_HEADERS  = 
  CONFIG_LINKS    = 
  CONFIG_COMMANDS = 
  $ ./config.status 

on f33671be16d9

config.status:1062: creating Makefile
config.status:1062: creating swig.spec
config.status:1062: creating Examples/Makefile
config.status:1062: creating Examples/d/example.mk
config.status:1062: creating Examples/xml/Makefile
config.status:1062: creating Examples/test-suite/errors/Makefile
config.status:1062: creating Examples/test-suite/csharp/Makefile
config.status:1062: creating Examples/test-suite/d/Makefile
config.status:1062: creating Examples/test-suite/guile/Makefile
config.status:1062: creating Examples/test-suite/java/Makefile
config.status:1062: creating Examples/test-suite/javascript/Makefile
config.status:1062: creating Examples/test-suite/mzscheme/Makefile
config.status:1062: creating Examples/test-suite/ocaml/Makefile
config.status:1062: creating Examples/test-suite/octave/Makefile
config.status:1062: creating Examples/test-suite/perl5/Makefile
config.status:1062: creating Examples/test-suite/php/Makefile
config.status:1062: creating Examples/test-suite/python/Makefile
config.status:1062: creating Examples/test-suite/ruby/Makefile
config.status:1062: creating Examples/test-suite/scilab/Makefile
config.status:1062: creating Examples/test-suite/tcl/Makefile
config.status:1062: creating Examples/test-suite/lua/Makefile
config.status:1062: creating Examples/test-suite/r/Makefile
config.status:1062: creating Examples/test-suite/go/Makefile
config.status:1062: creating Source/Makefile
config.status:1062: creating Tools/javascript/Makefile
config.status:1062: creating preinst-swig
config.status:1062: creating CCache/ccache_swig_config.h
config.status:1062: creating Source/Include/swigconfig.h
config.status:1291: executing depfiles commands
config.status:1291: executing Examples commands
configure:13215: === configuring in CCache (/usr/local/gym/swig-4.0.0/CCache)
configure:13278: running /bin/bash ./configure --disable-option-checking '--prefix=/usr/local/gym/swigtool'  --cache-file=/dev/null --srcdir=.

## ---------------- ##
## Cache variables. ##
## ---------------- ##

ac_cv_build=x86_64-pc-linux-gnu
ac_cv_c_compiler_gnu=yes
ac_cv_cxx_compiler_gnu=yes
ac_cv_env_CCC_set=
ac_cv_env_CCC_value=
ac_cv_env_CC_set=
ac_cv_env_CC_value=
ac_cv_env_CFLAGS_set=
ac_cv_env_CFLAGS_value=
ac_cv_env_CPPFLAGS_set=
ac_cv_env_CPPFLAGS_value=
ac_cv_env_CPP_set=
ac_cv_env_CPP_value=
ac_cv_env_CXXFLAGS_set=
ac_cv_env_CXXFLAGS_value=
ac_cv_env_CXX_set=
ac_cv_env_CXX_value=
ac_cv_env_LDFLAGS_set=
ac_cv_env_LDFLAGS_value=
ac_cv_env_LIBS_set=
ac_cv_env_LIBS_value=
ac_cv_env_PCRE_CFLAGS_set=
ac_cv_env_PCRE_CFLAGS_value=
ac_cv_env_PCRE_CONFIG_set=
ac_cv_env_PCRE_CONFIG_value=
ac_cv_env_PCRE_LIBS_set=
ac_cv_env_PCRE_LIBS_value=
ac_cv_env_YACC_set=
ac_cv_env_YACC_value=
ac_cv_env_YFLAGS_set=
ac_cv_env_YFLAGS_value=
ac_cv_env_build_alias_set=
ac_cv_env_build_alias_value=
ac_cv_env_host_alias_set=
ac_cv_env_host_alias_value=
ac_cv_env_target_alias_set=
ac_cv_env_target_alias_value=
ac_cv_func_popen=yes
ac_cv_header_stdc=yes
ac_cv_host=x86_64-pc-linux-gnu
ac_cv_lib_crypt_crypt=yes
ac_cv_lib_dl_dlopen=yes
ac_cv_lib_dld_shl_load=no
ac_cv_lib_ieee_main=yes
ac_cv_lib_swill_swill_init=no
ac_cv_objext=o
ac_cv_path_EGREP='/bin/grep -E'
ac_cv_path_GREP=/bin/grep
ac_cv_path_PCRE_CONFIG=/usr/bin/pcre-config
ac_cv_path_SED=/bin/sed
ac_cv_path_install='/usr/bin/install -c'
ac_cv_path_mkdir=/bin/mkdir
ac_cv_prog_AWK=gawk
ac_cv_prog_CPP='gcc -E'
ac_cv_prog_PERL=perl
ac_cv_prog_PKGCONFIG=pkg-config
ac_cv_prog_PY2TO3=2to3
ac_cv_prog_PYTHON3=python3
ac_cv_prog_PYTHON=python
ac_cv_prog_ac_ct_CC=gcc
ac_cv_prog_ac_ct_CXX=g++
ac_cv_prog_cc_c89=
ac_cv_prog_cc_g=yes
ac_cv_prog_cxx_g=yes
ac_cv_prog_make_make_set=yes
ac_cv_search_gethostbyname='none required'
ac_cv_search_socket='none required'
ac_cv_search_t_open=no
am_cv_CC_dependencies_compiler_type=gcc3
am_cv_CXX_dependencies_compiler_type=gcc3
am_cv_make_support_nested_variables=yes
am_cv_prog_cc_c_o=yes

## ----------------- ##
## Output variables. ##
## ----------------- ##

ACLOCAL='${SHELL} /usr/local/gym/swig-4.0.0/Tools/config/missing aclocal-1.15'
ADB=''
AMDEPBACKSLASH='\'
AMDEP_FALSE='#'
AMDEP_TRUE=''
AMTAR='$${TAR-tar}'
AM_BACKSLASH='\'
AM_DEFAULT_V='$(AM_DEFAULT_VERBOSITY)'
AM_DEFAULT_VERBOSITY='1'
AM_V='$(V)'
ANDROID=''
ANT=''
AUTOCONF='${SHELL} /usr/local/gym/swig-4.0.0/Tools/config/missing autoconf'
AUTOHEADER='${SHELL} /usr/local/gym/swig-4.0.0/Tools/config/missing autoheader'
AUTOMAKE='${SHELL} /usr/local/gym/swig-4.0.0/Tools/config/missing automake-1.15'
AWK='gawk'
BOOST_CPPFLAGS='-I/usr/include'
BOOST_LDFLAGS='-L/usr/lib/x86_64-linux-gnu'
CAMLP4=''
CC='gcc'
CCDEPMODE='depmode=gcc3'
CCSHARED='-fpic'
CFLAGS='-g -O2 -Wall -W -ansi -pedantic'
CPP='gcc -E'
CPPFLAGS=' '
CSHARPCFLAGS=''
CSHARPCILINTERPRETER=''
CSHARPCILINTERPRETER_FLAGS=''
CSHARPCOMPILER=''
CSHARPCONVERTPATH='Tools/convertpath -u'
CSHARPDYNAMICLINKING=''
CSHARPLIBRARYPREFIX='lib'
CSHARPSO='.so'
CXX='g++'
CXXDEPMODE='depmode=gcc3'
CXXFLAGS='-g -O2 -Wall -W -ansi -pedantic'
CXXSHARED='gcc -shared'
CYGPATH_W='echo'
D1COMPILER=''
D2COMPILER=''
DDEFAULTVERSION=''
DEFS='-DHAVE_CONFIG_H'
DEPDIR='.deps'
DLIBPREFIX='lib'
ECHO_C=''
ECHO_N='-n'
ECHO_T=''
EGREP='/bin/grep -E'
ENABLE_CCACHE='1'
EXEEXT=''
EXTRA_CLEAN=''
GCCGO=''
GCCGOOPT=''
GO12='false'
GO13='false'
GO15='false'
GO1='false'
GO=''
GOC=''
GOGCC='false'
GOOPT=''
GOVERSIONOPTION=''
GREP='/bin/grep'
GUILE='yes'
GUILE_CFLAGS=''
GUILE_CONFIG=''
GUILE_LIBS=''
GUILE_SO='.so'
HAVE_CXX11_COMPILER=''
INSTALL_DATA='${INSTALL} -m 644'
INSTALL_PROGRAM='${INSTALL}'
INSTALL_SCRIPT='${INSTALL}'
INSTALL_STRIP_PROGRAM='$(install_sh) -c -s'
JAVA=''
JAVAC=''
JAVACFLAGS=''
JAVACXXSHARED='$(CXXSHARED)'
JAVADYNAMICLINKING=''
JAVAFLAGS=''
JAVAINC=''
JAVALDSHARED='$(LDSHARED)'
JAVALIBRARYPREFIX='lib'
JAVASO='.so'
JAVA_CLASSPATH_SEP=':'
JAVA_TOOLS_JAR=''
JSCENABLED=''
JSCOREDYNAMICLINKING=''
JSCOREINC=''
JSCOREVERSION=''
JSINTERPRETERCXX='$(CXX)'
JSINTERPRETERLINKFLAGS='-ldl'
JSV8DYNAMICLINKING=''
JSV8ENABLED=''
JSV8INC=''
LDFLAGS=''
LDSHARED='gcc -shared'
LIBC=''
LIBCRYPT='-lcrypt'
LIBM='-lieee -lm'
LIBOBJS=''
LIBS='-ldl  -lpcre'
LINKFORSHARED='-Xlinker -export-dynamic'
LTLIBOBJS=''
LUABIN=''
LUADYNAMICLINKING=''
LUAFLAGS=''
LUALINK=''
LUA_SO='.so'
MAKEINFO='${SHELL} /usr/local/gym/swig-4.0.0/Tools/config/missing makeinfo'
MKDIR_P='/bin/mkdir -p'
MZC=''
MZDYNOBJ=''
MZSCHEME=''
MZSCHEME_SO='.so'
NDKBUILD=''
NODEGYP=''
NODEJS=''
OBJEXT='o'
OCAMLC=''
OCAMLDLGEN=''
OCAMLFIND=''
OCAMLMKTOP=''
OCTAVE=''
OCTAVE_CPPFLAGS=''
OCTAVE_CXXFLAGS=''
OCTAVE_LDFLAGS=''
OCTAVE_SO='.oct'
PACKAGE='swig'
PACKAGE_BUGREPORT='http://www.swig.org'
PACKAGE_NAME='swig'
PACKAGE_STRING='swig 4.0.0'
PACKAGE_TARNAME='swig'
PACKAGE_URL=''
PACKAGE_VERSION='4.0.0'
PATH_SEPARATOR=':'
PCRE_CFLAGS=''
PCRE_CONFIG='/usr/bin/pcre-config'
PCRE_LIBS='-lpcre'
PERL5CCCDLFLAGS='-fPIC'
PERL5CCDLFLAGS='-Wl,-E'
PERL5CCFLAGS='-D_REENTRANT -D_GNU_SOURCE -DDEBIAN -fstack-protector -fno-strict-aliasing -pipe -isystem /usr/local/include -D_LARGEFILE_SOURCE -D_FILE_OFFSET_BITS=64'
PERL5DYNAMICLINKING=''
PERL5EXT='/usr/lib/perl/5.18/CORE'
PERL5LDFLAGS=' -fstack-protector -L/usr/local/lib'
PERL5LIB='perl'
PERL='perl'
PHP=''
PHPINC=''
PHP_SO='.so'
PKGCONFIG='pkg-config'
PLATCFLAGS=''
PLATCXXFLAGS=''
PY2TO3='2to3'
PY3CONFIG=''
PY3INCLUDE=''
PY3LIB=''
PY3LINK=''
PYCODESTYLE=''
PYINCLUDE='-I/usr/include/python2.7 -I/usr/lib/python2.7/config'
PYLIB=''
PYLINK='-lpython2.7'
PYTHON3='python3'
PYTHON3DYNAMICLINKING=''
PYTHON='python'
PYTHONDYNAMICLINKING=''
PYTHON_SO='.so'
RBIN=''
ROOT_DIR='/usr/local/gym/swig-4.0.0'
RPATH='-Xlinker -rpath $(exec_prefix)/lib -Xlinker -rpath .'
RUBY=''
RUBYCCDLFLAGS=''
RUBYDYNAMICLINKING=''
RUBYINCLUDE=''
RUBYLIB=''
RUBYLINK=''
RUBYSO='.so'
SCILAB=''
SCILABINCLUDE=''
SCILABOPT=''
SED='/bin/sed'
SET_MAKE=''
SHELL='/bin/bash'
SKIP_ANDROID='1'
SKIP_CSHARP='1'
SKIP_D='1'
SKIP_GO='1'
SKIP_GUILE='1'
SKIP_JAVA='1'
SKIP_JAVASCRIPT='1'
SKIP_LUA='1'
SKIP_MZSCHEME='1'
SKIP_OCAML='1'
SKIP_OCTAVE='1'
SKIP_PERL5=''
SKIP_PHP='1'
SKIP_PYTHON3='1'
SKIP_PYTHON=''
SKIP_R='1'
SKIP_RUBY='1'
SKIP_SCILAB='1'
SKIP_TCL=''
SO='.so'
STRIP=''
SWIGLIBS=''
SWIG_LIB='/usr/local/gym/swigtool/share/swig/4.0.0'
SWIG_LIB_INSTALL='${datarootdir}/swig/4.0.0'
SWIG_LIB_PREINST='/usr/local/gym/swig-4.0.0/Lib'
SWIG_LIB_SET='env SWIG_LIB=$(SWIG_LIB_DIR)'
SWILL=''
TCLCXXSHARED='$(CXXSHARED)'
TCLDYNAMICLINKING=''
TCLINCLUDE='-isystem /usr/include/tcl8.6'
TCLLDSHARED='$(LDSHARED)'
TCLLIB='-L/usr/lib/x86_64-linux-gnu -ltcl8.6'
TCL_SO='.so'
TRYLINKINGWITHCXX='CXXSHARED= g++ -shared '
VERSION='4.0.0'
YACC='yacc'
YFLAGS=''
ac_aux_dir='Tools/config'
ac_ct_CC='gcc'
ac_ct_CXX='g++'
am__EXEEXT_FALSE=''
am__EXEEXT_TRUE='#'
am__fastdepCC_FALSE='#'
am__fastdepCC_TRUE=''
am__fastdepCXX_FALSE='#'
am__fastdepCXX_TRUE=''
am__include='include'
am__isrc=''
am__leading_dot='.'
am__nodep='_no'
am__quote=''
am__tar='$${TAR-tar} chof - "$$tardir"'
am__untar='$${TAR-tar} xf -'
bindir='${exec_prefix}/bin'
build='x86_64-pc-linux-gnu'
build_alias=''
build_cpu='x86_64'
build_os='linux-gnu'
build_vendor='pc'
datadir='${datarootdir}'
datarootdir='${prefix}/share'
docdir='${datarootdir}/doc/${PACKAGE_TARNAME}'
dvidir='${docdir}'
exec_prefix='${prefix}'
host='x86_64-pc-linux-gnu'
host_alias=''
host_cpu='x86_64'
host_os='linux-gnu'
host_vendor='pc'
htmldir='${docdir}'
includedir='${prefix}/include'
infodir='${datarootdir}/info'
install_sh='${SHELL} /usr/local/gym/swig-4.0.0/Tools/config/install-sh'
libdir='${exec_prefix}/lib'
libexecdir='${exec_prefix}/libexec'
localedir='${datarootdir}/locale'
localstatedir='${prefix}/var'
mandir='${datarootdir}/man'
mkdir_p='$(MKDIR_P)'
oldincludedir='/usr/include'
pdfdir='${docdir}'
prefix='/usr/local/gym/swigtool'
program_transform_name='s,x,x,'
psdir='${docdir}'
runstatedir='${localstatedir}/run'
sbindir='${exec_prefix}/sbin'
sharedstatedir='${prefix}/com'
subdirs=' CCache'
sysconfdir='${prefix}/etc'
target_alias=''

## ----------- ##
## confdefs.h. ##
## ----------- ##

/* confdefs.h */
#define PACKAGE_NAME "swig"
#define PACKAGE_TARNAME "swig"
#define PACKAGE_VERSION "4.0.0"
#define PACKAGE_STRING "swig 4.0.0"
#define PACKAGE_BUGREPORT "http://www.swig.org"
#define PACKAGE_URL ""
#define PACKAGE "swig"
#define VERSION "4.0.0"
#define SWIG_CXX "g++"
#define SWIG_PLATFORM "x86_64-pc-linux-gnu"
#define STDC_HEADERS 1
#define HAVE_POPEN 1
#define HAVE_PCRE 1
#define HAVE_BOOST /**/
#define HAVE_LIBDL 1
#define SWIG_LIB "/usr/local/gym/swigtool/share/swig/4.0.0"
#define SWIG_LIB_WIN_UNIX ""

configure: exit 0
