Traceback (most recent call last):
  File "smarthome_turtlebot_lidar_dqn.py", line 12, in <module>
    import gym
ImportError: No module named gym
Using TensorFlow backend.
[2019-08-26 01:22:09,873] Making new env: GazeboHumanSmartHomeTurtlebotLidarCameraNn-v0
<class 'gym.core.Env'>
libdc1394 error: Failed to initialize libdc1394
/root/anaconda2/envs/tf-gpu-1-5/lib/python2.7/site-packages/skimage/viewer/qt/__init__.py:18: UserWarning: Could not import PyQt4: ImageViewer not available!
  warnings.warn("Could not import PyQt4: ImageViewer not available!")
Could not import matplotlib -- skimage.viewer not available.
<class 'gym_gazebo.envs.gazebo_env.GazeboEnv'>
SmartHomeCameraLidar Launched!!!!!!!!!!!!!!!!!!!
GazeboHumanSmartHomeTurtlebotLidar_v0.launch
Main environement class triggered!
Roscore launched!
Unable to register with master node [http://localhost:11311]: master may not be running yet. Will keep trying.
Gazebo launched!
[0. 0. 0. 0. 0. 0. 0. 0. 0. 0. 0. 0. 0. 0. 0. 0. 0. 0.]
smarthome_turtlebot_lidar_dqn.py:107: UserWarning: Update your `Dense` call to the Keras 2 API: `Dense(300, kernel_initializer="lecun_uniform", input_shape=(38,))`
  model.add(Dense(hiddenLayers[0], input_shape=(self.input_size,), init='lecun_uniform'))
smarthome_turtlebot_lidar_dqn.py:116: UserWarning: Update your `Dense` call to the Keras 2 API: `Dense(300, kernel_initializer="lecun_uniform")`
  model.add(Dense(layerSize, init='lecun_uniform'))
smarthome_turtlebot_lidar_dqn.py:121: UserWarning: Update your `Dense` call to the Keras 2 API: `Dense(21, kernel_initializer="lecun_uniform")`
  model.add(Dense(self.output_size, init='lecun_uniform'))
_________________________________________________________________
Layer (type)                 Output Shape              Param #   
=================================================================
dense_1 (Dense)              (None, 300)               11700     
_________________________________________________________________
activation_1 (Activation)    (None, 300)               0         
_________________________________________________________________
dense_2 (Dense)              (None, 300)               90300     
_________________________________________________________________
activation_2 (Activation)    (None, 300)               0         
_________________________________________________________________
dense_3 (Dense)              (None, 21)                6321      
_________________________________________________________________
activation_3 (Activation)    (None, 21)                0         
=================================================================
Total params: 108,321
Trainable params: 108,321
Non-trainable params: 0
_________________________________________________________________
_________________________________________________________________
Layer (type)                 Output Shape              Param #   
=================================================================
dense_4 (Dense)              (None, 300)               11700     
_________________________________________________________________
activation_4 (Activation)    (None, 300)               0         
_________________________________________________________________
dense_5 (Dense)              (None, 300)               90300     
_________________________________________________________________
activation_5 (Activation)    (None, 300)               0         
_________________________________________________________________
dense_6 (Dense)              (None, 21)                6321      
_________________________________________________________________
activation_6 (Activation)    (None, 21)                0         
=================================================================
Total params: 108,321
Trainable params: 108,321
Non-trainable params: 0
_________________________________________________________________
[31m[gazebo-1] process has died [pid 1279, exit code 255, cmd /usr/local/gym/gym-gazebo/gym_gazebo/envs/installation/catkin_ws/src/gazebo_ros_pkgs/gazebo_ros/scripts/gzserver -e ode //usr/local/gym/gym-gazebo/gym_gazebo/envs/installation/../assets/worlds/human_in_home.world __name:=gazebo __log:=/root/.ros/log/ed4c3c64-c79f-11e9-9b5b-0242ac110003/gazebo-1.log].
log file: /root/.ros/log/ed4c3c64-c79f-11e9-9b5b-0242ac110003/gazebo-1*.log[0m
[31m[spawn_turtlebot_model-2] process has died [pid 1286, exit code -9, cmd /usr/local/gym/gym-gazebo/gym_gazebo/envs/installation/catkin_ws/src/gazebo_ros_pkgs/gazebo_ros/scripts/spawn_model -unpause -urdf -param robot_description -model mobile_base __name:=spawn_turtlebot_model __log:=/root/.ros/log/ed4c3c64-c79f-11e9-9b5b-0242ac110003/spawn_turtlebot_model-2.log].
log file: /root/.ros/log/ed4c3c64-c79f-11e9-9b5b-0242ac110003/spawn_turtlebot_model-2*.log[0m
